<qa:browsers xmlns:qa="urn:config.gridrouter.qatools.ru">
<browser name="chrome" defaultVersion="104.0">
    <version number="104.0">
        <region name="1">
            <host name="127.0.0.1" port="4445" count="12" vnc="vnc://127.0.0.1:5900"/>
        </region>
        <region name="2">
            <host name="127.0.0.1" port="4446" count="12" vnc="vnc://127.0.0.1:5900"/>
        </region>
    </version>
    <version number="103.0">
        <region name="1">
            <host name="127.0.0.1" port="4445" count="12" vnc="vnc://127.0.0.1:5900"/>
        </region>
        <region name="2">
            <host name="127.0.0.1" port="4446" count="12" vnc="vnc://127.0.0.1:5900"/>
        </region>
    </version>
    <version number="mobile-86.0">
        <region name="1">
            <host name="127.0.0.1" port="4445" count="12" vnc="vnc://127.0.0.1:5900"/>
        </region>
        <region name="2">
            <host name="127.0.0.1" port="4446" count="12" vnc="vnc://127.0.0.1:5900"/>
        </region>
    </version>
</browser>
<browser name="opera" defaultVersion="88.0">
    <version number="88.0">
        <region name="1">
            <host name="127.0.0.1" port="4445" count="12" vnc="vnc://127.0.0.1:5900"/>
        </region>
        <region name="2">
            <host name="127.0.0.1" port="4446" count="12" vnc="vnc://127.0.0.1:5900"/>
        </region>
    </version>
</browser>
<browser name="firefox" defaultVersion="103.0">
    <version number="103.0">
        <region name="1">
            <host name="127.0.0.1" port="4445" count="12" vnc="vnc://127.0.0.1:5900"/>
        </region>
        <region name="2">
            <host name="127.0.0.1" port="4446" count="12" vnc="vnc://127.0.0.1:5900"/>
        </region>
    </version>
</browser>
</qa:browsers>